<?xml version="1.0" encoding="UTF-8"?>
<!-- Generated by org.testng.reporters.JUnitReportReporter -->
<testsuite hostname="DESKTOP-D0JLFQF" failures="0" tests="2" name="Beginning.Class1" time="0.014" errors="0" timestamp="2023-06-26T10:30:41 IST" skipped="0">
  <testcase classname="Beginning.Class1" name="testPrimeNumer" time="0.002"/>
  <system-out/>
  <testcase classname="Beginning.Class1" name="star" time="0.012"/>
  <system-out/>
</testsuite> <!-- Beginning.Class1 -->
